<?xml version="1.0" encoding="UTF-8"?>
<testsuite xmlns:xsi="http://www.w3.org/2001/XMLSchema-instance" xsi:noNamespaceSchemaLocation="https://maven.apache.org/surefire/maven-surefire-plugin/xsd/surefire-test-report.xsd" name="com.user.tests.NewUserRegisterTest" time="65.712" tests="8" errors="0" skipped="0" failures="0">
  <properties>
[...]
</properties>
  <testcase name="A_NewUserTest[0: cd2be09b-09c4-42cb-a3c2-648626061b0b-1, cd2be09b-09c4-42cb-a3c2-648626061b0b-1@xyz.com, hello]" classname="com.user.tests.NewUserRegisterTest" time="9.455"/>
  <testcase name="A_NewUserTest[1: cd2be09b-09c4-42cb-a3c2-648626061b0b-2, cd2be09b-09c4-42cb-a3c2-648626061b0b-2@xyz.com, hello]" classname="com.user.tests.NewUserRegisterTest" time="9"/>
  <testcase name="A_NewUserTest[2: cd2be09b-09c4-42cb-a3c2-648626061b0b-3, cd2be09b-09c4-42cb-a3c2-648626061b0b-3@xyz.com, hello]" classname="com.user.tests.NewUserRegisterTest" time="8.127"/>
  <testcase name="B_UserEmailExistsTest[0: cd2be09b-09c4-42cb-a3c2-648626061b0b-3, cd2be09b-09c4-42cb-a3c2-648626061b0b-3@xyz.com]" classname="com.user.tests.NewUserRegisterTest" time="7.602"/>
  <testcase name="C_NotsamePasswordTest[0: cd2be09b-09c4-42cb-a3c2-648626061b0b-4, cd2be09b-09c4-42cb-a3c2-648626061b0b-4@xyz.com, 12345]" classname="com.user.tests.NewUserRegisterTest" time="7.918"/>
  <testcase name="D_EmailTest[0: cd2be09b-09c4-42cb-a3c2-648626061b0b-5, cd2be09b-09c4-42cb-a3c2-648626061b0b-1@xyz.com, 12345]" classname="com.user.tests.NewUserRegisterTest" time="8.094"/>
  <testcase name="E_UserTest[0: cd2be09b-09c4-42cb-a3c2-648626061b0b-3, cd2be09b-09c4-42cb-a3c2-648626061b0b-5@xyz.com, 12345]" classname="com.user.tests.NewUserRegisterTest" time="8.393"/>
  <testcase name="F_DeleteAllUserTest" classname="com.user.tests.NewUserRegisterTest" time="7.116"/>
</testsuite>